<?xml version="1.0" encoding="UTF-8"?>
<testsuite xmlns:xsi="http://www.w3.org/2001/XMLSchema-instance" xsi:noNamespaceSchemaLocation="https://maven.apache.org/surefire/maven-failsafe-plugin/xsd/failsafe-test-report-3.0.xsd" version="3.0" name="au.com.brand.GreetingResourceIT" time="3.041" tests="2" errors="0" skipped="0" failures="0">
  <properties>
[...]
</properties>
  <testcase name="testHelloEndpoint" classname="au.com.brand.GreetingResourceIT" time="1.069">
    <system-out><![CDATA[Executing "/home/pkruger/Projects/phillip-kruger.com/todos/target/todos-1.0.0-SNAPSHOT-runner -Dquarkus.http.port=8081 -Dquarkus.http.ssl-port=8444 -Dtest.url=http://localhost:8081 -Dquarkus.log.file.path=/home/pkruger/Projects/phillip-kruger.com/todos/target/quarkus.log -Dquarkus.log.file.enable=true -Dquarkus.log.category."io.quarkus".level=INFO"
__  ____  __  _____   ___  __ ____  ______ 
 --/ __ \/ / / / _ | / _ \/ //_/ / / / __/ 
 -/ /_/ / /_/ / __ |/ , _/ ,< / /_/ /\ \   
--\___\_\____/_/ |_/_/|_/_/|_|\____/___/   
2023-06-01 14:04:45,932 INFO  [io.quarkus] (main) todos 1.0.0-SNAPSHOT native (powered by Quarkus 999-SNAPSHOT) started in 0.018s. Listening on: http://0.0.0.0:8081
2023-06-01 14:04:45,932 INFO  [io.quarkus] (main) Profile prod activated. 
2023-06-01 14:04:45,932 INFO  [io.quarkus] (main) Installed features: [cdi, resteasy-reactive, resteasy-reactive-jackson, smallrye-context-propagation, smallrye-openapi, vertx]
]]></system-out>
  </testcase>
  <testcase name="testHelloNamedEndpoint" classname="au.com.brand.GreetingResourceIT" time="0.017"/>
</testsuite>